SF:lib\src\command.dart
DA:17,1
DA:21,1
DA:23,1
DA:25,4
DA:38,1
DA:39,1
DA:43,1
DA:44,2
DA:47,1
DA:48,2
DA:49,4
DA:50,2
DA:63,3
DA:66,1
DA:67,2
DA:68,2
DA:69,1
DA:73,1
DA:75,2
DA:76,1
DA:90,2
DA:91,1
DA:92,3
DA:98,3
DA:100,3
DA:102,3
DA:104,3
DA:106,3
DA:108,1
DA:109,1
DA:115,1
DA:116,1
DA:118,2
DA:120,3
DA:124,2
DA:125,1
DA:132,1
DA:133,2
DA:134,1
DA:144,1
DA:145,1
DA:148,3
DA:154,3
DA:155,2
DA:156,2
DA:159,1
DA:163,4
DA:164,3
DA:169,1
DA:170,1
DA:171,1
DA:172,1
DA:173,1
DA:183,1
DA:184,6
DA:187,1
DA:188,2
DA:189,1
DA:199,1
DA:200,1
DA:203,1
DA:204,4
DA:214,1
DA:215,1
DA:218,1
DA:219,4
DA:229,1
DA:230,1
DA:234,1
DA:235,4
DA:241,1
DA:246,1
DA:251,1
DA:256,1
DA:262,1
DA:271,1
LF:76
LH:76
end_of_record
