SF:lib\src\command.dart
DA:17,1
DA:21,1
DA:23,1
DA:25,4
DA:38,1
DA:39,1
DA:43,1
DA:44,2
DA:47,1
DA:48,2
DA:49,4
DA:50,2
DA:65,2
DA:66,1
DA:67,3
DA:73,3
DA:75,3
DA:77,3
DA:79,3
DA:81,3
DA:83,1
DA:84,1
DA:90,1
DA:91,1
DA:93,2
DA:95,3
DA:99,2
DA:100,1
DA:107,1
DA:108,2
DA:109,1
DA:119,1
DA:120,1
DA:123,3
DA:129,3
DA:130,2
DA:131,2
DA:134,1
DA:138,4
DA:139,3
DA:144,1
DA:145,1
DA:146,1
DA:147,1
DA:148,1
DA:157,1
DA:158,6
DA:161,1
DA:162,2
DA:163,1
DA:173,1
DA:174,1
DA:177,1
DA:178,4
DA:188,1
DA:189,1
DA:192,1
DA:193,4
DA:203,1
DA:204,1
DA:208,1
DA:209,4
DA:215,1
DA:220,1
DA:225,1
DA:230,1
DA:236,1
DA:245,1
LF:68
LH:68
end_of_record
